Found redirect_uri None.
Validate client u'foo'
Found default redirect uri u'http://yoophi.com/oauth/redirect'
2013-11-26 13:24:44,405 - flask_oauthlib - DEBUG - Found redirect_uri None.
2013-11-26 13:24:44,406 - flask_oauthlib - DEBUG - Validate client u'foo'
2013-11-26 13:24:44,408 - flask_oauthlib - DEBUG - Found default redirect uri u'http://yoophi.com/oauth/redirect'
2013-11-26 13:25:28,524 - flask_oauthlib - DEBUG - Fetched credentials from request {'state': None, 'redirect_uri': None, 'response_type': u'code', 'client_id': u'foo'}.
2013-11-26 13:25:28,524 - flask_oauthlib - DEBUG - Found redirect_uri None.
2013-11-26 13:25:28,524 - flask_oauthlib - DEBUG - Validate client u'foo'
2013-11-26 13:25:28,527 - flask_oauthlib - DEBUG - Found default redirect uri u'http://yoophi.com/oauth/redirect'
2013-11-26 13:25:28,528 - flask_oauthlib - DEBUG - Persist authorization code {u'code': u'8ohT0UaS2QBDqymTp2UydfFTYN37L9'} for client u'foo'
2013-11-26 13:25:28,539 - flask_oauthlib - DEBUG - Authorization successful.
2013-11-26 13:25:39,855 - flask_oauthlib - DEBUG - Fetched extra credentials, {}.
2013-11-26 13:25:39,855 - flask_oauthlib - DEBUG - Authenticate client None
2013-11-26 13:25:39,857 - flask_oauthlib - DEBUG - Authenticate client failed, not confidential.
2013-11-26 13:25:39,857 - flask_oauthlib - DEBUG - Authenticate client u'foo'.
2013-11-26 13:25:39,857 - flask_oauthlib - DEBUG - Validate code for client u'foo' and code u'8ohT0UaS2QBDqymTp2UydfFTYN37L9'
2013-11-26 13:25:39,860 - flask_oauthlib - DEBUG - Confirm redirect uri for client u'foo' and code u'8ohT0UaS2QBDqymTp2UydfFTYN37L9'.
2013-11-26 13:25:39,861 - flask_oauthlib - DEBUG - Compare redirect uri for grant u'http://yoophi.com/oauth/redirect' and None.
2013-11-26 13:46:01,015 - flask_oauthlib - DEBUG - Fetched extra credentials, {}.
2013-11-26 13:46:47,501 - flask_oauthlib - DEBUG - Fetched extra credentials, {}.
2013-11-26 13:46:47,502 - flask_oauthlib - DEBUG - Authenticate client None
2013-11-26 13:46:47,503 - flask_oauthlib - DEBUG - Authenticate client failed, not confidential.
2013-11-26 13:46:47,503 - flask_oauthlib - DEBUG - Authenticate client u'foo'.
2013-11-26 13:46:47,503 - flask_oauthlib - DEBUG - Validate code for client u'foo' and code u'8ohT0UaS2QBDqymTp2UydfFTYN37L9'
2013-11-26 13:46:47,505 - flask_oauthlib - DEBUG - Grant is expired.
2013-11-26 13:46:58,674 - flask_oauthlib - DEBUG - Found redirect_uri None.
2013-11-26 13:46:58,674 - flask_oauthlib - DEBUG - Validate client u'foo'
2013-11-26 13:46:58,676 - flask_oauthlib - DEBUG - Found default redirect uri u'http://yoophi.com/oauth/redirect'
2013-11-26 13:47:00,310 - flask_oauthlib - DEBUG - Fetched credentials from request {'state': None, 'redirect_uri': None, 'response_type': u'code', 'client_id': u'foo'}.
2013-11-26 13:47:00,311 - flask_oauthlib - DEBUG - Found redirect_uri None.
2013-11-26 13:47:00,311 - flask_oauthlib - DEBUG - Validate client u'foo'
2013-11-26 13:47:00,312 - flask_oauthlib - DEBUG - Found default redirect uri u'http://yoophi.com/oauth/redirect'
2013-11-26 13:47:00,313 - flask_oauthlib - DEBUG - Persist authorization code {u'code': u'sI1Gk9gUWMCDyBZKrJg87X8dYAgzGM'} for client u'foo'
2013-11-26 13:47:00,317 - flask_oauthlib - DEBUG - Authorization successful.
2013-11-26 13:47:09,674 - flask_oauthlib - DEBUG - Fetched extra credentials, {}.
2013-11-26 13:47:09,674 - flask_oauthlib - DEBUG - Authenticate client None
2013-11-26 13:47:09,676 - flask_oauthlib - DEBUG - Authenticate client failed, not confidential.
2013-11-26 13:47:09,676 - flask_oauthlib - DEBUG - Authenticate client u'foo'.
2013-11-26 13:47:09,676 - flask_oauthlib - DEBUG - Validate code for client u'foo' and code u'sI1Gk9gUWMCDyBZKrJg87X8dYAgzGM'
2013-11-26 13:47:09,678 - flask_oauthlib - DEBUG - Confirm redirect uri for client u'foo' and code u'sI1Gk9gUWMCDyBZKrJg87X8dYAgzGM'.
2013-11-26 13:47:09,680 - flask_oauthlib - DEBUG - Compare redirect uri for grant u'http://yoophi.com/oauth/redirect' and u'http://yoophi.com/auth/redirect'.
2013-11-26 13:47:23,073 - flask_oauthlib - DEBUG - Fetched extra credentials, {}.
2013-11-26 13:47:23,073 - flask_oauthlib - DEBUG - Authenticate client None
2013-11-26 13:47:23,075 - flask_oauthlib - DEBUG - Authenticate client failed, not confidential.
2013-11-26 13:47:23,075 - flask_oauthlib - DEBUG - Authenticate client u'foo'.
2013-11-26 13:47:23,075 - flask_oauthlib - DEBUG - Validate code for client u'foo' and code u'sI1Gk9gUWMCDyBZKrJg87X8dYAgzGM'
2013-11-26 13:47:23,077 - flask_oauthlib - DEBUG - Confirm redirect uri for client u'foo' and code u'sI1Gk9gUWMCDyBZKrJg87X8dYAgzGM'.
2013-11-26 13:47:23,079 - flask_oauthlib - DEBUG - Compare redirect uri for grant u'http://yoophi.com/oauth/redirect' and u'http://yoophi.com/oauth/redirect'.
2013-11-26 13:47:23,080 - flask_oauthlib - DEBUG - Save bearer token {u'access_token': u'ZqZCf5GJEex9TCAVwS8PAPreZbfISa', u'token_type': u'Bearer', u'expires_in': 3600, u'refresh_token': u'I6erz9XQ1PYjZnL86Gx8jWhFutplEN', u'scope': u'authorized'}
2013-11-26 13:48:47,338 - flask_oauthlib - DEBUG - Fetched extra credentials, {}.
2013-11-26 13:48:47,339 - flask_oauthlib - DEBUG - Authenticate client None
2013-11-26 13:48:47,340 - flask_oauthlib - DEBUG - Authenticate client failed, not confidential.
2013-11-26 13:48:47,340 - flask_oauthlib - DEBUG - Authenticate client u'foo'.
2013-11-26 13:48:47,340 - flask_oauthlib - DEBUG - Validate code for client u'foo' and code u'sI1Gk9gUWMCDyBZKrJg87X8dYAgzGM'
2013-11-26 13:48:47,342 - flask_oauthlib - DEBUG - Grant is expired.
2013-11-26 13:48:59,557 - flask_oauthlib - DEBUG - Found redirect_uri None.
2013-11-26 13:48:59,558 - flask_oauthlib - DEBUG - Validate client u'foo'
2013-11-26 13:48:59,561 - flask_oauthlib - DEBUG - Found default redirect uri u'http://yoophi.com/oauth/redirect'
2013-11-26 13:49:01,036 - flask_oauthlib - DEBUG - Fetched credentials from request {'state': None, 'redirect_uri': None, 'response_type': u'code', 'client_id': u'foo'}.
2013-11-26 13:49:01,036 - flask_oauthlib - DEBUG - Found redirect_uri None.
2013-11-26 13:49:01,036 - flask_oauthlib - DEBUG - Validate client u'foo'
2013-11-26 13:49:01,040 - flask_oauthlib - DEBUG - Found default redirect uri u'http://yoophi.com/oauth/redirect'
2013-11-26 13:49:01,040 - flask_oauthlib - DEBUG - Persist authorization code {u'code': u'8txoNWNcly7TfYMR55w2JnO4lZ6sNC'} for client u'foo'
2013-11-26 13:49:01,046 - flask_oauthlib - DEBUG - Authorization successful.
2013-11-26 13:49:06,916 - flask_oauthlib - DEBUG - Fetched extra credentials, {}.
2013-11-26 13:49:06,917 - flask_oauthlib - DEBUG - Authenticate client None
2013-11-26 13:49:06,919 - flask_oauthlib - DEBUG - Authenticate client failed, not confidential.
2013-11-26 13:49:06,919 - flask_oauthlib - DEBUG - Authenticate client u'foo'.
2013-11-26 13:49:06,919 - flask_oauthlib - DEBUG - Validate code for client u'foo' and code u'8txoNWNcly7TfYMR55w2JnO4lZ6sNC'
2013-11-26 13:49:06,921 - flask_oauthlib - DEBUG - Confirm redirect uri for client u'foo' and code u'8txoNWNcly7TfYMR55w2JnO4lZ6sNC'.
2013-11-26 13:49:06,923 - flask_oauthlib - DEBUG - Compare redirect uri for grant u'http://yoophi.com/oauth/redirect' and u'http://yoophi.com/oauth/redirect'.
2013-11-26 13:49:06,924 - flask_oauthlib - DEBUG - Save bearer token {u'access_token': u'NbV3lw3UoME64eaqh39L4vbcNOFsLH', u'token_type': u'Bearer', u'expires_in': 3600, u'refresh_token': u'0lKk3HmyrmhST20QENAA3Io1PChyA1', u'scope': u'authorized'}
2013-11-26 13:52:03,845 - flask_oauthlib - DEBUG - Fetched extra credentials, {}.
2013-11-26 13:52:03,847 - flask_oauthlib - DEBUG - Authenticate client None
2013-11-26 13:52:03,849 - flask_oauthlib - DEBUG - Authenticate client failed, not confidential.
2013-11-26 13:52:03,849 - flask_oauthlib - DEBUG - Authenticate client u'foo'.
2013-11-26 13:52:03,849 - flask_oauthlib - DEBUG - Validate code for client u'foo' and code u'8txoNWNcly7TfYMR55w2JnO4lZ6sNC'
2013-11-26 13:52:03,852 - flask_oauthlib - DEBUG - Grant is expired.
2013-11-26 13:53:47,740 - flask_oauthlib - DEBUG - Found redirect_uri None.
2013-11-26 13:53:47,741 - flask_oauthlib - DEBUG - Validate client u'foo'
2013-11-26 13:53:47,742 - flask_oauthlib - DEBUG - Found default redirect uri u'http://yoophi.com/oauth/redirect'
2013-11-26 13:53:49,112 - flask_oauthlib - DEBUG - Fetched credentials from request {'state': None, 'redirect_uri': None, 'response_type': u'code', 'client_id': u'foo'}.
2013-11-26 13:53:49,112 - flask_oauthlib - DEBUG - Found redirect_uri None.
2013-11-26 13:53:49,113 - flask_oauthlib - DEBUG - Validate client u'foo'
2013-11-26 13:53:49,114 - flask_oauthlib - DEBUG - Found default redirect uri u'http://yoophi.com/oauth/redirect'
2013-11-26 13:53:49,114 - flask_oauthlib - DEBUG - Persist authorization code {u'code': u'3z9zS92e9vKDWM2DmUPtyEPpedwW0z'} for client u'foo'
2013-11-26 13:53:49,120 - flask_oauthlib - DEBUG - Authorization successful.
2013-11-26 13:54:03,200 - flask_oauthlib - DEBUG - Fetched extra credentials, {}.
2013-11-26 13:54:03,201 - flask_oauthlib - DEBUG - Authenticate client None
2013-11-26 13:54:03,202 - flask_oauthlib - DEBUG - Authenticate client failed, not confidential.
2013-11-26 13:54:03,202 - flask_oauthlib - DEBUG - Authenticate client u'foo'.
2013-11-26 13:54:03,203 - flask_oauthlib - DEBUG - Validate code for client u'foo' and code u'3z9zS92e9vKDWM2DmUPtyEPpedwW0z'
2013-11-26 13:54:03,204 - flask_oauthlib - DEBUG - Confirm redirect uri for client u'foo' and code u'3z9zS92e9vKDWM2DmUPtyEPpedwW0z'.
2013-11-26 13:54:03,206 - flask_oauthlib - DEBUG - Compare redirect uri for grant u'http://yoophi.com/oauth/redirect' and u'http://yoophi.com/oauth/redirect'.
2013-11-26 13:54:03,207 - flask_oauthlib - DEBUG - Save bearer token {u'access_token': u'xQEOKkHSFIzCFh0Gd49vgaBaqx1vag', u'token_type': u'Bearer', u'expires_in': 3600, u'refresh_token': u'eQdmPgRO6XadTlSA8y4W0YsfWzyJ2G', u'scope': u'authorized'}
2013-11-26 13:55:57,478 - flask_oauthlib - DEBUG - Found redirect_uri None.
2013-11-26 13:55:57,479 - flask_oauthlib - DEBUG - Validate client u'foo'
2013-11-26 13:55:57,481 - flask_oauthlib - DEBUG - Found default redirect uri u'http://yoophi.com/oauth/redirect'
2013-11-26 13:55:58,667 - flask_oauthlib - DEBUG - Fetched credentials from request {'state': None, 'redirect_uri': None, 'response_type': u'code', 'client_id': u'foo'}.
2013-11-26 13:55:58,667 - flask_oauthlib - DEBUG - Found redirect_uri None.
2013-11-26 13:55:58,667 - flask_oauthlib - DEBUG - Validate client u'foo'
2013-11-26 13:55:58,670 - flask_oauthlib - DEBUG - Found default redirect uri u'http://yoophi.com/oauth/redirect'
2013-11-26 13:55:58,671 - flask_oauthlib - DEBUG - Persist authorization code {u'code': u'iSiC3yakwcwExPoXOqwZwTdlJ5kPhQ'} for client u'foo'
2013-11-26 13:55:58,676 - flask_oauthlib - DEBUG - Authorization successful.
2013-11-26 13:56:03,517 - flask_oauthlib - DEBUG - Fetched extra credentials, {}.
2013-11-26 13:56:03,517 - flask_oauthlib - DEBUG - Authenticate client None
2013-11-26 13:56:03,519 - flask_oauthlib - DEBUG - Authenticate client failed, not confidential.
2013-11-26 13:56:03,519 - flask_oauthlib - DEBUG - Authenticate client u'foo'.
2013-11-26 13:56:03,519 - flask_oauthlib - DEBUG - Validate code for client u'foo' and code u'iSiC3yakwcwExPoXOqwZwTdlJ5kPhQ'
2013-11-26 13:56:03,522 - flask_oauthlib - DEBUG - Confirm redirect uri for client u'foo' and code u'iSiC3yakwcwExPoXOqwZwTdlJ5kPhQ'.
2013-11-26 13:56:03,523 - flask_oauthlib - DEBUG - Compare redirect uri for grant u'http://yoophi.com/oauth/redirect' and u'http://yoophi.com/oauth/redirect'.
2013-11-26 13:56:03,524 - flask_oauthlib - DEBUG - Save bearer token {u'access_token': u'7kZaDQ9BhXpJJLX0R5jd62SrB4s827', u'token_type': u'Bearer', u'expires_in': 3600, u'refresh_token': u'5mqn4dIJsn8QNpM9IG1xFPeEJYXGPD', u'scope': u'authorized'}
2013-11-26 13:57:21,054 - flask_oauthlib - DEBUG - Fetched credentials from request {'state': None, 'redirect_uri': None, 'response_type': u'code', 'client_id': u'foo'}.
2013-11-26 13:57:21,054 - flask_oauthlib - DEBUG - Found redirect_uri None.
2013-11-26 13:57:21,055 - flask_oauthlib - DEBUG - Validate client u'foo'
2013-11-26 13:57:21,057 - flask_oauthlib - DEBUG - Found default redirect uri u'http://yoophi.com/oauth/redirect'
2013-11-26 13:57:21,057 - flask_oauthlib - DEBUG - Persist authorization code {u'code': u'snOcMZJWWmbbZwhPaaxzyJn3qpiE4t'} for client u'foo'
2013-11-26 13:57:21,064 - flask_oauthlib - DEBUG - Authorization successful.
2013-11-26 13:57:25,562 - flask_oauthlib - DEBUG - Fetched extra credentials, {}.
2013-11-26 13:57:25,562 - flask_oauthlib - DEBUG - Authenticate client None
2013-11-26 13:57:25,564 - flask_oauthlib - DEBUG - Authenticate client failed, not confidential.
2013-11-26 13:57:25,564 - flask_oauthlib - DEBUG - Authenticate client u'foo'.
2013-11-26 13:57:25,564 - flask_oauthlib - DEBUG - Validate code for client u'foo' and code u'snOcMZJWWmbbZwhPaaxzyJn3qpiE4t'
2013-11-26 13:57:25,568 - flask_oauthlib - DEBUG - Confirm redirect uri for client u'foo' and code u'snOcMZJWWmbbZwhPaaxzyJn3qpiE4t'.
2013-11-26 13:57:25,569 - flask_oauthlib - DEBUG - Compare redirect uri for grant u'http://yoophi.com/oauth/redirect' and u'http://yoophi.com/oauth/redirect'.
2013-11-26 13:57:25,570 - flask_oauthlib - DEBUG - Save bearer token {u'access_token': u'MBOHTrHXa3in6kEU0TfF7W2tOr0gGQ', u'token_type': u'Bearer', u'expires_in': 3600, u'refresh_token': u'6lCA4yHTr66aCetSnKjuwvCDg62cBK', u'scope': u'authorized'}
2013-11-26 13:59:10,229 - flask_oauthlib - DEBUG - Fetched credentials from request {'state': None, 'redirect_uri': None, 'response_type': u'code', 'client_id': u'foo'}.
2013-11-26 13:59:10,229 - flask_oauthlib - DEBUG - Found redirect_uri None.
2013-11-26 13:59:10,230 - flask_oauthlib - DEBUG - Validate client u'foo'
2013-11-26 13:59:10,232 - flask_oauthlib - DEBUG - Found default redirect uri u'http://yoophi.com/oauth/redirect'
2013-11-26 13:59:10,233 - flask_oauthlib - DEBUG - Persist authorization code {u'code': u'g2YMU3TniAwIVWbp3fqSrxWboOyHTO'} for client u'foo'
2013-11-26 13:59:10,239 - flask_oauthlib - DEBUG - Authorization successful.
2013-11-26 13:59:18,716 - flask_oauthlib - DEBUG - Fetched extra credentials, {}.
2013-11-26 13:59:18,717 - flask_oauthlib - DEBUG - Authenticate client None
2013-11-26 13:59:18,718 - flask_oauthlib - DEBUG - Authenticate client failed, not confidential.
2013-11-26 13:59:18,718 - flask_oauthlib - DEBUG - Authenticate client u'foo'.
2013-11-26 13:59:18,718 - flask_oauthlib - DEBUG - Validate code for client u'foo' and code u'g2YMU3TniAwIVWbp3fqSrxWboOyHTO'
2013-11-26 13:59:18,722 - flask_oauthlib - DEBUG - Confirm redirect uri for client u'foo' and code u'g2YMU3TniAwIVWbp3fqSrxWboOyHTO'.
2013-11-26 13:59:18,724 - flask_oauthlib - DEBUG - Compare redirect uri for grant u'http://yoophi.com/oauth/redirect' and u'http://yoophi.com/oauth/redirect'.
2013-11-26 13:59:18,725 - flask_oauthlib - DEBUG - Save bearer token {u'access_token': u'x8UWfkZ3TQpmvz5hQUp1LbUO2nYGcN', u'token_type': u'Bearer', u'expires_in': 3600, u'refresh_token': u'eEfGCDnK5vK2C12E2t3rVovZouXuMh', u'scope': u'authorized'}
2013-11-26 14:00:30,721 - flask_oauthlib - DEBUG - Fetched credentials from request {'state': None, 'redirect_uri': None, 'response_type': u'code', 'client_id': u'foo'}.
2013-11-26 14:00:30,721 - flask_oauthlib - DEBUG - Found redirect_uri None.
2013-11-26 14:00:30,722 - flask_oauthlib - DEBUG - Validate client u'foo'
2013-11-26 14:00:30,724 - flask_oauthlib - DEBUG - Found default redirect uri u'http://yoophi.com/oauth/redirect'
2013-11-26 14:00:30,725 - flask_oauthlib - DEBUG - Persist authorization code {u'code': u'i6JM5vAlMsMRsARKbpQS3AXOA4tLi0'} for client u'foo'
2013-11-26 14:00:30,731 - flask_oauthlib - DEBUG - Authorization successful.
2013-11-26 14:00:34,537 - flask_oauthlib - DEBUG - Fetched extra credentials, {}.
2013-11-26 14:00:34,537 - flask_oauthlib - DEBUG - Authenticate client None
2013-11-26 14:00:34,539 - flask_oauthlib - DEBUG - Authenticate client failed, not confidential.
2013-11-26 14:00:34,539 - flask_oauthlib - DEBUG - Authenticate client u'foo'.
2013-11-26 14:00:34,539 - flask_oauthlib - DEBUG - Validate code for client u'foo' and code u'i6JM5vAlMsMRsARKbpQS3AXOA4tLi0'
2013-11-26 14:00:34,543 - flask_oauthlib - DEBUG - Confirm redirect uri for client u'foo' and code u'i6JM5vAlMsMRsARKbpQS3AXOA4tLi0'.
2013-11-26 14:00:34,544 - flask_oauthlib - DEBUG - Compare redirect uri for grant u'http://yoophi.com/oauth/redirect' and u'http://yoophi.com/oauth/redirect'.
2013-11-26 14:00:34,545 - flask_oauthlib - DEBUG - Save bearer token {u'access_token': u'h0INEzIEqXjgmYGUGjdh2KYKq5VrgL', u'token_type': u'Bearer', u'expires_in': 3600, u'refresh_token': u'k3L2OZKpTUKItNwfUF8GGsX0jjVEbj', u'scope': u'authorized'}
2013-11-26 14:01:40,319 - flask_oauthlib - DEBUG - Fetched credentials from request {'state': None, 'redirect_uri': None, 'response_type': u'code', 'client_id': u'foo'}.
2013-11-26 14:01:40,319 - flask_oauthlib - DEBUG - Found redirect_uri None.
2013-11-26 14:01:40,320 - flask_oauthlib - DEBUG - Validate client u'foo'
2013-11-26 14:01:40,322 - flask_oauthlib - DEBUG - Found default redirect uri u'http://yoophi.com/oauth/redirect'
2013-11-26 14:01:40,322 - flask_oauthlib - DEBUG - Persist authorization code {u'code': u'2mp4jKY1MKUerIuH5sWZkleO3bFerW'} for client u'foo'
2013-11-26 14:01:40,329 - flask_oauthlib - DEBUG - Authorization successful.
2013-11-26 14:01:45,013 - flask_oauthlib - DEBUG - Fetched credentials from request {'state': None, 'redirect_uri': None, 'response_type': u'code', 'client_id': u'foo'}.
2013-11-26 14:01:45,013 - flask_oauthlib - DEBUG - Found redirect_uri None.
2013-11-26 14:01:45,014 - flask_oauthlib - DEBUG - Validate client u'foo'
2013-11-26 14:01:45,015 - flask_oauthlib - DEBUG - Found default redirect uri u'http://yoophi.com/oauth/redirect'
2013-11-26 14:01:45,016 - flask_oauthlib - DEBUG - Persist authorization code {u'code': u'lOnDWuFE3s0QdmgSqkVBpb1nxrqUOs'} for client u'foo'
2013-11-26 14:01:45,022 - flask_oauthlib - DEBUG - Authorization successful.
2013-11-26 14:01:50,203 - flask_oauthlib - DEBUG - Fetched extra credentials, {}.
2013-11-26 14:01:50,204 - flask_oauthlib - DEBUG - Authenticate client None
2013-11-26 14:01:50,205 - flask_oauthlib - DEBUG - Authenticate client failed, not confidential.
2013-11-26 14:01:50,205 - flask_oauthlib - DEBUG - Authenticate client u'foo'.
2013-11-26 14:01:50,205 - flask_oauthlib - DEBUG - Validate code for client u'foo' and code u'lOnDWuFE3s0QdmgSqkVBpb1nxrqUOs'
2013-11-26 14:01:50,207 - flask_oauthlib - DEBUG - Confirm redirect uri for client u'foo' and code u'lOnDWuFE3s0QdmgSqkVBpb1nxrqUOs'.
2013-11-26 14:01:50,209 - flask_oauthlib - DEBUG - Compare redirect uri for grant u'http://yoophi.com/oauth/redirect' and u'http://yoophi.com/oauth/redirect'.
2013-11-26 14:01:50,210 - flask_oauthlib - DEBUG - Save bearer token {u'access_token': u'A1eYzOanXtZHAMRV9gNrCX2gneWoCu', u'token_type': u'Bearer', u'expires_in': 3600, u'refresh_token': u'yogMgoZG3u9WmlcodVDCWG0UcuqJdu', u'scope': u'authorized'}
2013-11-26 14:07:28,457 - flask_oauthlib - DEBUG - Fetched credentials from request {'state': None, 'redirect_uri': None, 'response_type': u'code', 'client_id': u'foo'}.
2013-11-26 14:07:28,457 - flask_oauthlib - DEBUG - Found redirect_uri None.
2013-11-26 14:07:28,458 - flask_oauthlib - DEBUG - Validate client u'foo'
2013-11-26 14:07:28,460 - flask_oauthlib - DEBUG - Found default redirect uri u'http://yoophi.com/oauth/redirect'
2013-11-26 14:07:28,461 - flask_oauthlib - DEBUG - Persist authorization code {u'code': u'tEiDVwnEK7IiOFm4m3ty6VEIkcuKnQ'} for client u'foo'
2013-11-26 14:07:28,466 - flask_oauthlib - DEBUG - Authorization successful.
2013-11-26 14:07:33,706 - flask_oauthlib - DEBUG - Fetched extra credentials, {}.
2013-11-26 14:07:33,706 - flask_oauthlib - DEBUG - Authenticate client None
2013-11-26 14:07:33,708 - flask_oauthlib - DEBUG - Authenticate client failed, not confidential.
2013-11-26 14:07:33,708 - flask_oauthlib - DEBUG - Authenticate client u'foo'.
2013-11-26 14:07:33,708 - flask_oauthlib - DEBUG - Validate code for client u'foo' and code u'tEiDVwnEK7IiOFm4m3ty6VEIkcuKnQ'
2013-11-26 14:07:33,712 - flask_oauthlib - DEBUG - Confirm redirect uri for client u'foo' and code u'tEiDVwnEK7IiOFm4m3ty6VEIkcuKnQ'.
2013-11-26 14:07:33,713 - flask_oauthlib - DEBUG - Compare redirect uri for grant u'http://yoophi.com/oauth/redirect' and u'http://yoophi.com/oauth/redirect'.
2013-11-26 14:07:33,714 - flask_oauthlib - DEBUG - Save bearer token {u'access_token': u'UMc8Lz6hw0yFfHCYW8qI2cs98FN0q0', u'token_type': u'Bearer', u'expires_in': 3600, u'refresh_token': u'NcQ7lX4xduTtIWyECtlzuBRuAQxvsp', u'scope': u'authorized'}
2013-11-26 14:07:33,720 - flask_oauthlib - DEBUG - Destroy grant token for client u'foo', u'tEiDVwnEK7IiOFm4m3ty6VEIkcuKnQ'
2013-11-26 14:54:08,116 - flask_oauthlib - DEBUG - Found redirect_uri None.
2013-11-26 14:54:08,133 - flask_oauthlib - DEBUG - Validate client u'foo'
2013-11-26 14:54:08,138 - flask_oauthlib - DEBUG - Found default redirect uri u'http://yoophi.com/oauth/redirect'
2013-11-26 14:54:10,629 - flask_oauthlib - DEBUG - Fetched credentials from request {'state': None, 'redirect_uri': None, 'response_type': u'code', 'client_id': u'foo'}.
2013-11-26 14:54:10,629 - flask_oauthlib - DEBUG - Found redirect_uri None.
2013-11-26 14:54:10,629 - flask_oauthlib - DEBUG - Validate client u'foo'
2013-11-26 14:54:10,631 - flask_oauthlib - DEBUG - Found default redirect uri u'http://yoophi.com/oauth/redirect'
2013-11-26 14:54:10,632 - flask_oauthlib - DEBUG - Persist authorization code {u'code': u'u0WGMdAaSdl0RK1t7PhLK3XL1Uhoe5'} for client u'foo'
2013-11-26 14:54:10,681 - flask_oauthlib - DEBUG - Authorization successful.
2013-11-26 14:54:23,758 - flask_oauthlib - DEBUG - Fetched extra credentials, {}.
2013-11-26 14:54:23,759 - flask_oauthlib - DEBUG - Authenticate client None
2013-11-26 14:54:23,760 - flask_oauthlib - DEBUG - Authenticate client failed, not confidential.
2013-11-26 14:54:23,760 - flask_oauthlib - DEBUG - Authenticate client u'foo'.
2013-11-26 14:54:23,760 - flask_oauthlib - DEBUG - Validate code for client u'foo' and code u'u0WGMdAaSdl0RK1t7PhLK3XL1Uhoe5'
2013-11-26 14:54:23,762 - flask_oauthlib - DEBUG - Confirm redirect uri for client u'foo' and code u'u0WGMdAaSdl0RK1t7PhLK3XL1Uhoe5'.
2013-11-26 14:54:23,764 - flask_oauthlib - DEBUG - Compare redirect uri for grant u'http://yoophi.com/oauth/redirect' and u'http://yoophi.com/oauth/redirect'.
2013-11-26 14:54:23,765 - flask_oauthlib - DEBUG - Save bearer token {u'access_token': u'nLBBtqm0S14UvgSoQoATId9EaOBEgT', u'token_type': u'Bearer', u'expires_in': 3600, u'refresh_token': u'GSeqadtkmnGnDY5z7ySLBmxJf9PWnu', u'scope': u'authorized'}
2013-11-26 14:54:23,770 - flask_oauthlib - DEBUG - Destroy grant token for client u'foo', u'u0WGMdAaSdl0RK1t7PhLK3XL1Uhoe5'
2013-11-26 14:55:55,370 - flask_oauthlib - DEBUG - Validate bearer token None
2013-11-26 14:55:55,370 - flask_oauthlib - DEBUG - Bearer token not found.
2013-11-26 14:56:01,670 - flask_oauthlib - DEBUG - Validate bearer token u'nLBBtqm0S14UvgSoQoATId9EaOBEgT'
2013-11-26 14:56:01,673 - flask_oauthlib - DEBUG - Bearer token scope not valid.
2013-11-26 14:57:04,135 - flask_oauthlib - DEBUG - Validate bearer token u'nLBBtqm0S14UvgSoQoATId9EaOBEgT'
2013-11-26 14:57:04,137 - flask_oauthlib - DEBUG - Bearer token scope not valid.
2013-11-26 14:57:20,810 - flask_oauthlib - DEBUG - Validate bearer token u'nLBBtqm0S14UvgSoQoATId9EaOBEgT'
2013-11-26 14:57:20,811 - flask_oauthlib - DEBUG - Bearer token scope not valid.
2013-11-26 14:58:20,466 - flask_oauthlib - DEBUG - Validate bearer token u'nLBBtqm0S14UvgSoQoATId9EaOBEgT'
2013-11-26 14:58:20,469 - flask_oauthlib - DEBUG - Bearer token scope not valid.
2013-11-26 14:58:56,993 - flask_oauthlib - DEBUG - Validate bearer token u'nLBBtqm0S14UvgSoQoATId9EaOBEgT'
2013-11-26 14:58:56,997 - flask_oauthlib - DEBUG - Bearer token scope not valid.
2013-11-26 14:59:25,531 - flask_oauthlib - DEBUG - Validate bearer token u'nLBBtqm0S14UvgSoQoATId9EaOBEgT'
2013-11-26 14:59:25,533 - flask_oauthlib - DEBUG - Bearer token scope not valid.
2013-11-26 14:59:52,033 - flask_oauthlib - DEBUG - Validate bearer token u'nLBBtqm0S14UvgSoQoATId9EaOBEgT'
2013-11-26 14:59:52,037 - flask_oauthlib - DEBUG - Bearer token scope not valid.
2013-11-26 15:00:26,973 - flask_oauthlib - DEBUG - Found redirect_uri None.
2013-11-26 15:00:26,974 - flask_oauthlib - DEBUG - Validate client u'foo'
2013-11-26 15:00:26,976 - flask_oauthlib - DEBUG - Found default redirect uri u'http://yoophi.com/oauth/redirect'
2013-11-26 15:00:29,009 - flask_oauthlib - DEBUG - Fetched credentials from request {'state': None, 'redirect_uri': None, 'response_type': u'code', 'client_id': u'foo'}.
2013-11-26 15:00:29,009 - flask_oauthlib - DEBUG - Found redirect_uri None.
2013-11-26 15:00:29,009 - flask_oauthlib - DEBUG - Validate client u'foo'
2013-11-26 15:00:29,011 - flask_oauthlib - DEBUG - Found default redirect uri u'http://yoophi.com/oauth/redirect'
2013-11-26 15:00:29,012 - flask_oauthlib - DEBUG - Persist authorization code {u'code': u'5k2YXVSB5IIGnCW4leV4zSrtiObJqw'} for client u'foo'
2013-11-26 15:00:29,018 - flask_oauthlib - DEBUG - Authorization successful.
2013-11-26 15:00:44,542 - flask_oauthlib - DEBUG - Fetched extra credentials, {}.
2013-11-26 15:00:44,543 - flask_oauthlib - DEBUG - Authenticate client None
2013-11-26 15:00:44,545 - flask_oauthlib - DEBUG - Authenticate client failed, not confidential.
2013-11-26 15:00:44,545 - flask_oauthlib - DEBUG - Authenticate client u'foo'.
2013-11-26 15:00:44,546 - flask_oauthlib - DEBUG - Validate code for client u'foo' and code u'5k2YXVSB5IIGnCW4leV4zSrtiObJqw'
2013-11-26 15:00:44,548 - flask_oauthlib - DEBUG - Confirm redirect uri for client u'foo' and code u'5k2YXVSB5IIGnCW4leV4zSrtiObJqw'.
2013-11-26 15:00:44,550 - flask_oauthlib - DEBUG - Compare redirect uri for grant u'http://yoophi.com/oauth/redirect' and u'http://yoophi.com/oauth/redirect'.
2013-11-26 15:00:44,551 - flask_oauthlib - DEBUG - Save bearer token {u'access_token': u'ZHZqXIzjS7U5UVKebY7fjGbi8Vhkm1', u'token_type': u'Bearer', u'expires_in': 3600, u'refresh_token': u'8KeJ2FbUjq2KNCZot2yNvoItkL6jnP', u'scope': u'email'}
2013-11-26 15:00:44,556 - flask_oauthlib - DEBUG - Destroy grant token for client u'foo', u'5k2YXVSB5IIGnCW4leV4zSrtiObJqw'
2013-11-26 15:00:53,935 - flask_oauthlib - DEBUG - Validate bearer token u'ZHZqXIzjS7U5UVKebY7fjGbi8Vhkm1'
2013-11-26 15:01:29,702 - flask_oauthlib - DEBUG - Validate bearer token u'ZHZqXIzjS7U5UVKebY7fjGbi8Vhkm1'
2013-11-26 15:10:34,856 - flask_oauthlib - DEBUG - Validate bearer token u'ZHZqXIzjS7U5UVKebY7fjGbi8Vhkm1'
2013-11-26 15:11:54,609 - flask_oauthlib - DEBUG - Validate bearer token u'ZHZqXIzjS7U5UVKebY7fjGbi8Vhkm1'
2013-11-26 15:12:10,259 - flask_oauthlib - DEBUG - Validate bearer token u'ZHZqXIzjS7U5UVKebY7fjGbi8Vhkm1'
2013-11-26 15:15:24,024 - flask_oauthlib - DEBUG - Validate bearer token u'ZHZqXIzjS7U5UVKebY7fjGbi8Vhkm1'
2013-11-26 15:15:29,435 - flask_oauthlib - DEBUG - Validate bearer token u'ZHZqXIzjS7U5UVKebY7fjGbi8Vhkm1'
2013-11-26 15:18:51,851 - flask_oauthlib - DEBUG - Validate bearer token u'ZHZqXIzjS7U5UVKebY7fjGbi8Vhkm1'
2013-11-26 16:14:59,052 - flask_oauthlib - DEBUG - Validate bearer token u'ZHZqXIzjS7U5UVKebY7fjGbi8Vhkm1'
2013-11-26 16:14:59,055 - flask_oauthlib - DEBUG - Bearer token is expired.
2013-11-26 16:15:17,912 - flask_oauthlib - DEBUG - Validate bearer token u'ZHZqXIzjS7U5UVKebY7fjGbi8Vhkm1'
2013-11-26 16:15:17,915 - flask_oauthlib - DEBUG - Bearer token is expired.
2013-11-26 16:16:19,869 - flask_oauthlib - DEBUG - Found redirect_uri None.
2013-11-26 16:16:19,870 - flask_oauthlib - DEBUG - Validate client u'foo'
2013-11-26 16:16:19,872 - flask_oauthlib - DEBUG - Found default redirect uri u'http://yoophi.com/oauth/redirect'
2013-11-26 16:16:21,595 - flask_oauthlib - DEBUG - Fetched credentials from request {'state': None, 'redirect_uri': None, 'response_type': u'code', 'client_id': u'foo'}.
2013-11-26 16:16:21,596 - flask_oauthlib - DEBUG - Found redirect_uri None.
2013-11-26 16:16:21,596 - flask_oauthlib - DEBUG - Validate client u'foo'
2013-11-26 16:16:21,597 - flask_oauthlib - DEBUG - Found default redirect uri u'http://yoophi.com/oauth/redirect'
2013-11-26 16:16:21,598 - flask_oauthlib - DEBUG - Persist authorization code {u'code': u'YgWcjFzbhiGhDAD7fuDkQiy6dmA1TW'} for client u'foo'
2013-11-26 16:16:21,604 - flask_oauthlib - DEBUG - Authorization successful.
2013-11-26 16:16:30,598 - flask_oauthlib - DEBUG - Fetched extra credentials, {}.
2013-11-26 16:16:30,599 - flask_oauthlib - DEBUG - Authenticate client None
2013-11-26 16:16:30,601 - flask_oauthlib - DEBUG - Authenticate client failed, not confidential.
2013-11-26 16:16:30,601 - flask_oauthlib - DEBUG - Authenticate client u'foo'.
2013-11-26 16:16:30,601 - flask_oauthlib - DEBUG - Validate code for client u'foo' and code u'YgWcjFzbhiGhDAD7fuDkQiy6dmA1TW'
2013-11-26 16:16:30,603 - flask_oauthlib - DEBUG - Confirm redirect uri for client u'foo' and code u'YgWcjFzbhiGhDAD7fuDkQiy6dmA1TW'.
2013-11-26 16:16:30,604 - flask_oauthlib - DEBUG - Compare redirect uri for grant u'http://yoophi.com/oauth/redirect' and u'http://yoophi.com/oauth/redirect'.
2013-11-26 16:16:30,605 - flask_oauthlib - DEBUG - Save bearer token {u'access_token': u'fKcWw6PYe7R9TWUZg2sHwwsFOkvRK7', u'token_type': u'Bearer', u'expires_in': 3600, u'refresh_token': u'OTdsZ5k2OHr5f1XGw9R0GO1PN9SmYg', u'scope': u'email'}
2013-11-26 16:16:30,610 - flask_oauthlib - DEBUG - Destroy grant token for client u'foo', u'YgWcjFzbhiGhDAD7fuDkQiy6dmA1TW'
2013-11-26 16:16:38,131 - flask_oauthlib - DEBUG - Validate bearer token u'fKcWw6PYe7R9TWUZg2sHwwsFOkvRK7'
2013-11-26 16:16:50,630 - flask_oauthlib - DEBUG - Validate bearer token u'fKcWw6PYe7R9TWUZg2sHwwsFOkvRK7'
2013-11-26 16:17:51,515 - flask_oauthlib - DEBUG - Validate bearer token u'fKcWw6PYe7R9TWUZg2sHwwsFOkvRK7'
2013-11-26 16:19:41,162 - flask_oauthlib - DEBUG - Validate bearer token u'fKcWw6PYe7R9TWUZg2sHwwsFOkvRK7'
2013-11-26 16:20:03,640 - flask_oauthlib - DEBUG - Validate bearer token u'fKcWw6PYe7R9TWUZg2sHwwsFOkvRK7'
2013-11-26 16:21:20,974 - flask_oauthlib - DEBUG - Validate bearer token u'fKcWw6PYe7R9TWUZg2sHwwsFOkvRK7'
2013-11-26 16:24:38,574 - flask_oauthlib - DEBUG - Validate bearer token u'fKcWw6PYe7R9TWUZg2sHwwsFOkvRK7'
2013-11-26 16:30:16,345 - flask_oauthlib - DEBUG - Validate bearer token u'fKcWw6PYe7R9TWUZg2sHwwsFOkvRK7'
2013-11-26 16:30:35,984 - flask_oauthlib - DEBUG - Validate bearer token u'fKcWw6PYe7R9TWUZg2sHwwsFOkvRK7'
2013-11-26 16:30:46,471 - flask_oauthlib - DEBUG - Validate bearer token u'fKcWw6PYe7R9TWUZg2sHwwsFOkvRK7'
2013-11-26 16:33:49,086 - flask_oauthlib - DEBUG - Validate bearer token u'fKcWw6PYe7R9TWUZg2sHwwsFOkvRK7'
2013-11-26 16:33:58,207 - flask_oauthlib - DEBUG - Validate bearer token u'fKcWw6PYe7R9TWUZg2sHwwsFOkvRK7'
2013-11-26 16:33:59,209 - flask_oauthlib - DEBUG - Validate bearer token u'fKcWw6PYe7R9TWUZg2sHwwsFOkvRK7'
2013-11-26 16:34:00,495 - flask_oauthlib - DEBUG - Validate bearer token u'fKcWw6PYe7R9TWUZg2sHwwsFOkvRK7'
2013-11-26 16:34:04,516 - flask_oauthlib - DEBUG - Validate bearer token u'fKcWw6PYe7R9TWUZg2sHwwsFOkvRK7'
2013-11-26 16:42:03,741 - flask_oauthlib - DEBUG - Validate bearer token u'fKcWw6PYe7R9TWUZg2sHwwsFOkvRK7'
2013-11-26 16:42:05,056 - flask_oauthlib - DEBUG - Validate bearer token u'fKcWw6PYe7R9TWUZg2sHwwsFOkvRK7'
